<?xml version="1.0" encoding="UTF-8"?>
<!-- Generated by org.testng.reporters.JUnitXMLReporter -->
<testsuite ignored="0" hostname="LAPTOP-K8PVREI3" failures="0" tests="1" name="Test-Runner-1" time="13.752" errors="0" timestamp="2023-01-10T13:08:36 IST">
  <testcase classname="allModule_SMS_POM.TC_ACC_01_POM_Test" name="createAndSearchAdmin" time="7.308"/>
</testsuite> <!-- Test-Runner-1 -->
