<?xml version="1.0" encoding="UTF-8"?>
<!-- Generated by org.testng.reporters.JUnitXMLReporter -->
<testsuite ignored="0" hostname="LAPTOP-K8PVREI3" failures="0" tests="1" name="Test-Runner-2" time="15.498" errors="0" timestamp="2023-01-10T13:08:37 IST">
  <testcase classname="allModule_SMS_POM.TC_ACC_02_POM_Test" name="createStudent" time="10.035"/>
</testsuite> <!-- Test-Runner-2 -->
