<?xml version="1.0" encoding="UTF-8"?>
<!-- Generated by org.testng.reporters.JUnitReportReporter -->
<testsuite hostname="LAPTOP-K8PVREI3" failures="0" tests="9" name="practice_package.TestNGTest" time="0.036" errors="0" timestamp="2023-01-06T13:07:21 IST" skipped="0">
  <testcase classname="practice_package.TestNGTest" name="Create" time="0.002"/>
  <system-out/>
  <testcase classname="practice_package.TestNGTest" name="Login" time="0.012"/>
  <system-out/>
  <testcase classname="practice_package.TestNGTest" name="Update" time="0.003"/>
  <system-out/>
  <testcase classname="practice_package.TestNGTest" name="Update" time="0.004"/>
  <system-out/>
  <testcase classname="practice_package.TestNGTest" name="Update" time="0.004"/>
  <system-out/>
  <testcase classname="practice_package.TestNGTest" name="Update" time="0.002"/>
  <system-out/>
  <testcase classname="practice_package.TestNGTest" name="Update" time="0.003"/>
  <system-out/>
  <testcase classname="practice_package.TestNGTest" name="Delete" time="0.003"/>
  <system-out/>
  <testcase classname="practice_package.TestNGTest" name="LogOut" time="0.003"/>
  <system-out/>
</testsuite> <!-- practice_package.TestNGTest -->
