<?xml version="1.0" encoding="UTF-8"?>
<!-- Generated by org.testng.reporters.JUnitReportReporter -->
<testsuite hostname="LAPTOP-K8PVREI3" failures="0" tests="3" name="practice_package.DataProviderReadClassTest" time="0.021" errors="0" timestamp="2023-01-06T22:10:47 IST" skipped="0">
  <testcase classname="practice_package.DataProviderReadClassTest" name="dataReadMethod" time="0.013"/>
  <system-out/>
  <testcase classname="practice_package.DataProviderReadClassTest" name="dataReadMethod" time="0.006"/>
  <system-out/>
  <testcase classname="practice_package.DataProviderReadClassTest" name="dataReadMethod" time="0.002"/>
  <system-out/>
</testsuite> <!-- practice_package.DataProviderReadClassTest -->
