<?xml version="1.0" encoding="UTF-8"?>
<!-- Generated by org.testng.reporters.JUnitReportReporter -->
<testsuite hostname="LAPTOP-K8PVREI3" failures="0" tests="4" name="practice_package.ReadDataDP" time="0.019" errors="0" timestamp="2023-01-09T12:34:08 IST" skipped="0">
  <testcase classname="practice_package.ReadDataDP" name="readDataTest" time="0.003"/>
  <system-out>
    <![CDATA[start ----> 1/04/2023]]>
  </system-out>
  <testcase classname="practice_package.ReadDataDP" name="readDataTest" time="0.011"/>
  <system-out>
    <![CDATA[title ----> Cricket]]>
  </system-out>
  <testcase classname="practice_package.ReadDataDP" name="readDataTest" time="0.002"/>
  <system-out>
    <![CDATA[description ----> This is a Test Match]]>
  </system-out>
  <testcase classname="practice_package.ReadDataDP" name="readDataTest" time="0.003"/>
  <system-out>
    <![CDATA[end ----> 1/08/2023]]>
  </system-out>
</testsuite> <!-- practice_package.ReadDataDP -->
