<?xml version="1.0" encoding="UTF-8"?>
<!-- Generated by org.testng.reporters.JUnitReportReporter -->
<testsuite hostname="LAPTOP-K8PVREI3" failures="0" tests="1" name="practice_package.SpiceJetTest" time="34.255" errors="0" timestamp="2023-01-28T00:48:26 IST" skipped="0">
  <testcase classname="practice_package.SpiceJetTest" name="spiceJet_Test" time="34.255"/>
  <system-out/>
</testsuite> <!-- practice_package.SpiceJetTest -->
