<?xml version="1.0" encoding="UTF-8"?>
<!-- Generated by org.testng.reporters.JUnitReportReporter -->
<testsuite hostname="LAPTOP-K8PVREI3" failures="0" tests="4" name="practice_package.annotationsPractice" time="0.016" errors="0" timestamp="2023-01-09T15:15:30 IST" skipped="0">
  <testcase classname="practice_package.annotationsPractice" name="createAdmin" time="0.008"/>
  <system-out/>
  <testcase classname="practice_package.annotationsPractice" name="createStudent" time="0.002"/>
  <system-out/>
  <testcase classname="practice_package.annotationsPractice" name="createStudent" time="0.003"/>
  <system-out/>
  <testcase classname="practice_package.annotationsPractice" name="createStudent" time="0.003"/>
  <system-out/>
</testsuite> <!-- practice_package.annotationsPractice -->
