<?xml version="1.0" encoding="UTF-8"?>
<!-- Generated by org.testng.reporters.JUnitReportReporter -->
<testsuite hostname="LAPTOP-K8PVREI3" failures="0" tests="2" name="allModule_SMS_POM.Tc_Activities_13_POM_Test" time="33.311" errors="0" timestamp="2023-01-11T12:49:04 IST" skipped="0">
  <testcase classname="allModule_SMS_POM.Tc_Activities_13_POM_Test" name="searchAndDeleteAct" time="16.759"/>
  <system-out>
    <![CDATA[Test Case Fail: No matching records found]]>
  </system-out>
  <testcase classname="allModule_SMS_POM.Tc_Activities_13_POM_Test" name="searchAndDeleteAct" time="16.552"/>
  <system-out>
    <![CDATA[Test Case Fail: No matching records found]]>
  </system-out>
</testsuite> <!-- allModule_SMS_POM.Tc_Activities_13_POM_Test -->
