<?xml version="1.0" encoding="UTF-8"?>
<!-- Generated by org.testng.reporters.JUnitReportReporter -->
<testsuite hostname="LAPTOP-K8PVREI3" failures="1" tests="4" name="allModule_SMS_POM.TC_ACC_01_POM_Test" time="21.414" errors="0" timestamp="2023-01-13T09:53:52 IST" skipped="3">
  <testcase classname="allModule_SMS_POM.TC_ACC_01_POM_Test" name="createAndSearchAdmin" time="4.904">
    <skipped/>
  </testcase> <!-- createAndSearchAdmin -->
  <system-out>
    <![CDATA[createAndSearchAdmin ---> TestScript Execution Started
Admin Created
 -- TestScript Execution Skipped --]]>
  </system-out>
  <testcase classname="allModule_SMS_POM.TC_ACC_01_POM_Test" name="createAndSearchAdmin" time="6.281">
    <skipped/>
  </testcase> <!-- createAndSearchAdmin -->
  <system-out>
    <![CDATA[createAndSearchAdmin ---> TestScript Execution Started
Admin Created
 -- TestScript Execution Skipped --]]>
  </system-out>
  <testcase classname="allModule_SMS_POM.TC_ACC_01_POM_Test" name="createAndSearchAdmin" time="5.006">
    <skipped/>
  </testcase> <!-- createAndSearchAdmin -->
  <system-out>
    <![CDATA[createAndSearchAdmin ---> TestScript Execution Started
Admin Created
 -- TestScript Execution Skipped --]]>
  </system-out>
  <testcase classname="allModule_SMS_POM.TC_ACC_01_POM_Test" name="createAndSearchAdmin" time="5.223">
    <failure message="null" type="java.lang.AssertionError">
      <![CDATA[java.lang.AssertionError: null
at org.testng.Assert.fail(Assert.java:99)
at org.testng.Assert.fail(Assert.java:106)
at allModule_SMS_POM.TC_ACC_01_POM_Test.createAndSearchAdmin(TC_ACC_01_POM_Test.java:31)
at java.base/jdk.internal.reflect.DirectMethodHandleAccessor.invoke(DirectMethodHandleAccessor.java:104)
at java.base/java.lang.reflect.Method.invoke(Method.java:578)
at org.testng.internal.MethodInvocationHelper.invokeMethod(MethodInvocationHelper.java:133)
at org.testng.internal.TestInvoker.invokeMethod(TestInvoker.java:598)
at org.testng.internal.TestInvoker.retryFailed(TestInvoker.java:213)
at org.testng.internal.MethodRunner.runInSequence(MethodRunner.java:58)
at org.testng.internal.TestInvoker$MethodInvocationAgent.invoke(TestInvoker.java:824)
at org.testng.internal.TestInvoker.invokeTestMethods(TestInvoker.java:146)
at org.testng.internal.TestMethodWorker.invokeTestMethods(TestMethodWorker.java:146)
at org.testng.internal.TestMethodWorker.run(TestMethodWorker.java:128)
at java.base/java.util.ArrayList.forEach(ArrayList.java:1511)
at org.testng.TestRunner.privateRun(TestRunner.java:794)
at org.testng.TestRunner.run(TestRunner.java:596)
at org.testng.SuiteRunner.runTest(SuiteRunner.java:377)
at org.testng.SuiteRunner.access$000(SuiteRunner.java:28)
at org.testng.SuiteRunner$SuiteWorker.run(SuiteRunner.java:418)
at org.testng.internal.thread.ThreadUtil.lambda$execute$0(ThreadUtil.java:64)
at java.base/java.util.concurrent.FutureTask.run(FutureTask.java:317)
at java.base/java.util.concurrent.ThreadPoolExecutor.runWorker(ThreadPoolExecutor.java:1144)
at java.base/java.util.concurrent.ThreadPoolExecutor$Worker.run(ThreadPoolExecutor.java:642)
at java.base/java.lang.Thread.run(Thread.java:1589)
]]>
    </failure>
  </testcase> <!-- createAndSearchAdmin -->
  <system-out>
    <![CDATA[createAndSearchAdmin ---> TestScript Execution Started
Admin Created
 -- TestScript Execution Failed --]]>
  </system-out>
</testsuite> <!-- allModule_SMS_POM.TC_ACC_01_POM_Test -->
