<?xml version="1.0" encoding="UTF-8"?>
<!-- Generated by org.testng.reporters.JUnitReportReporter -->
<testsuite hostname="LAPTOP-K8PVREI3" failures="0" tests="1" name="practice_package.BrokenLinkTest" time="31.540" errors="0" timestamp="2023-01-24T22:31:21 IST" skipped="0">
  <testcase classname="practice_package.BrokenLinkTest" name="linkTest" time="31.540"/>
  <system-out/>
</testsuite> <!-- practice_package.BrokenLinkTest -->
