<?xml version="1.0" encoding="UTF-8"?>
<!-- Generated by org.testng.reporters.JUnitReportReporter -->
<testsuite hostname="LAPTOP-K8PVREI3" failures="0" tests="1" name="practice_package.SampleTestNGTest_4" time="0.012" errors="0" timestamp="2023-01-10T13:00:59 IST" skipped="0">
  <testcase classname="practice_package.SampleTestNGTest_4" name="sample8" time="0.012"/>
  <system-out/>
</testsuite> <!-- practice_package.SampleTestNGTest_4 -->
